<?xml version="1.0" encoding="UTF-8"?>
<testng-results skipped="0" failed="0" ignored="0" total="1" passed="1">
  <reporter-output>
    <line>
      <![CDATA[Test started Running:testCase1]]>
    </line>
    <line>
      <![CDATA[Starting the Test testCase1]]>
    </line>
    <line>
      <![CDATA[Opened the -- CHROME Browser]]>
    </line>
    <line>
      <![CDATA[Enter the URl with --  https://www.amazon.in]]>
    </line>
    <line>
      <![CDATA[Entered the product by using Locator -- twotabsearchtextbox]]>
    </line>
    <line>
      <![CDATA[Clicked on  Amazon Search Buton by using Locator -- //*[@id="nav-search"]/form/div[2]/div/input]]>
    </line>
    <line>
      <![CDATA[testCase1 is Passed]]>
    </line>
    <line>
      <![CDATA[<a href='D:\selenium workspace\DemoProject//success//Mon_Mar_25_13_10_59_IST_2019.png'> <img src='D:\selenium workspace\DemoProject//success//Mon_Mar_25_13_10_59_IST_2019.png' height='100' width='100'/> </a>]]>
    </line>
  </reporter-output>
  <suite name="Suite" duration-ms="24699" started-at="2019-03-25T07:40:59Z" finished-at="2019-03-25T07:41:24Z">
    <groups>
    </groups>
    <test name="Test" duration-ms="24699" started-at="2019-03-25T07:40:59Z" finished-at="2019-03-25T07:41:24Z">
      <class name="com.project.DemoProject.TC_002">
        <test-method status="PASS" signature="testCase1()[pri:0, instance:com.project.DemoProject.TC_002@42d8062c]" name="testCase1" duration-ms="22633" started-at="2019-03-25T07:40:59Z" finished-at="2019-03-25T07:41:22Z">
          <reporter-output>
            <line>
              <![CDATA[Test started Running:testCase1]]>
            </line>
            <line>
              <![CDATA[Starting the Test testCase1]]>
            </line>
            <line>
              <![CDATA[Opened the -- CHROME Browser]]>
            </line>
            <line>
              <![CDATA[Enter the URl with --  https://www.amazon.in]]>
            </line>
            <line>
              <![CDATA[Entered the product by using Locator -- twotabsearchtextbox]]>
            </line>
            <line>
              <![CDATA[Clicked on  Amazon Search Buton by using Locator -- //*[@id="nav-search"]/form/div[2]/div/input]]>
            </line>
            <line>
              <![CDATA[testCase1 is Passed]]>
            </line>
            <line>
              <![CDATA[<a href='D:\selenium workspace\DemoProject//success//Mon_Mar_25_13_10_59_IST_2019.png'> <img src='D:\selenium workspace\DemoProject//success//Mon_Mar_25_13_10_59_IST_2019.png' height='100' width='100'/> </a>]]>
            </line>
          </reporter-output>
        </test-method> <!-- testCase1 -->
        <test-method status="PASS" signature="quit()[pri:0, instance:com.project.DemoProject.TC_002@42d8062c]" name="quit" is-config="true" duration-ms="1377" started-at="2019-03-25T07:41:23Z" finished-at="2019-03-25T07:41:24Z">
          <reporter-output>
          </reporter-output>
        </test-method> <!-- quit -->
      </class> <!-- com.project.DemoProject.TC_002 -->
    </test> <!-- Test -->
  </suite> <!-- Suite -->
</testng-results>
